2023-40-10 20:40 - [31m[ERROR][m org.hibernate.engine.jdbc.spi.SqlExceptionHelper#131 - Duplicate entry '83' for key 'UK_mlsmxro9u0s4l4y4hpr7s5o3v' 
2023-40-10 20:40 - [31m[ERROR][m org.hibernate.engine.jdbc.spi.SqlExceptionHelper#131 - Duplicate entry '83' for key 'UK_mlsmxro9u0s4l4y4hpr7s5o3v' 
2023-40-10 20:40 - [31m[ERROR][m org.hibernate.engine.jdbc.spi.SqlExceptionHelper#131 - Duplicate entry '83' for key 'UK_mlsmxro9u0s4l4y4hpr7s5o3v' 
2023-40-10 20:40 - [31m[ERROR][m org.hibernate.engine.jdbc.spi.SqlExceptionHelper#131 - Cannot add or update a child row: a foreign key constraint fails (`nighthawk_interteh`.`companysubcontractor`, CONSTRAINT `FKpiwltasb9eh9h61y9lubfxdxt` FOREIGN KEY (`ID_Subcontractor`) REFERENCES `subcontractor` (`ID_Subcontractor`)) 
2023-40-10 20:40 - [31m[ERROR][m org.hibernate.engine.jdbc.spi.SqlExceptionHelper#131 - Cannot add or update a child row: a foreign key constraint fails (`nighthawk_interteh`.`contract`, CONSTRAINT `FKtavm7egsn96jw4kq4biybsaow` FOREIGN KEY (`Subcontractor_ID`) REFERENCES `subcontractor` (`ID_Subcontractor`)) 
2023-40-10 20:40 - [31m[ERROR][m org.hibernate.engine.jdbc.spi.SqlExceptionHelper#131 - Cannot add or update a child row: a foreign key constraint fails (`nighthawk_interteh`.`contract`, CONSTRAINT `FKr7lapmvhvg76uy39w3sy6qlxl` FOREIGN KEY (`Client_Company_ID`) REFERENCES `employercompany` (`ID_Client_Company`)) 
2023-40-10 20:40 - [31m[ERROR][m org.hibernate.engine.jdbc.spi.SqlExceptionHelper#131 - Cannot delete or update a parent row: a foreign key constraint fails (`nighthawk_interteh`.`contract_project`, CONSTRAINT `FKkx2rvps9nt86jteul75tj53k7` FOREIGN KEY (`Project_ID`) REFERENCES `project` (`ID_Project`)) 
2023-40-10 20:40 - [31m[ERROR][m org.hibernate.internal.ExceptionMapperStandardImpl#39 - HHH000346: Error during managed flush [org.hibernate.exception.ConstraintViolationException: could not execute statement] 
2023-40-10 20:40 - [31m[ERROR][m org.hibernate.engine.jdbc.spi.SqlExceptionHelper#131 - Cannot add or update a child row: a foreign key constraint fails (`nighthawk_interteh`.`filecontent`, CONSTRAINT `FKrleusw5ymlqr7p612ffyx2oeb` FOREIGN KEY (`Document_ID`) REFERENCES `filedocument` (`Document_ID`)) 
2023-40-10 20:40 - [31m[ERROR][m org.hibernate.engine.jdbc.spi.SqlExceptionHelper#131 - Cannot add or update a child row: a foreign key constraint fails (`nighthawk_interteh`.`filedocument`, CONSTRAINT `FK9opp8es7bsrxxd16k9psfbx0g` FOREIGN KEY (`Account_ID`) REFERENCES `account` (`ID_Account`)) 
2023-40-10 20:40 - [31m[ERROR][m org.hibernate.engine.jdbc.spi.SqlExceptionHelper#131 - Duplicate entry 'admin6' for key 'User_Role_Name_UNIQUE' 
2023-40-10 20:40 - [31m[ERROR][m org.hibernate.engine.jdbc.spi.SqlExceptionHelper#131 - Duplicate entry 'admin6' for key 'User_Role_Name_UNIQUE' 
2023-40-10 20:40 - [31m[ERROR][m org.hibernate.engine.jdbc.spi.SqlExceptionHelper#131 - Cannot add or update a child row: a foreign key constraint fails (`nighthawk_interteh`.`payment`, CONSTRAINT `FKncrr08qk7av3o0sccdawnn622` FOREIGN KEY (`ID_Contract`) REFERENCES `contract` (`ID_Contract`)) 
2023-40-10 20:40 - [31m[ERROR][m org.hibernate.engine.jdbc.spi.SqlExceptionHelper#131 - Duplicate entry '83' for key 'UK_mlsmxro9u0s4l4y4hpr7s5o3v' 
2023-40-10 20:40 - [31m[ERROR][m org.hibernate.engine.jdbc.spi.SqlExceptionHelper#131 - Cannot add or update a child row: a foreign key constraint fails (`nighthawk_interteh`.`person`, CONSTRAINT `FKj188aim9bnc5tkh03a984sj1c` FOREIGN KEY (`ID_Subcontractor`) REFERENCES `subcontractor` (`ID_Subcontractor`)) 
2023-40-10 20:40 - [31m[ERROR][m org.hibernate.engine.jdbc.spi.SqlExceptionHelper#131 - Cannot add or update a child row: a foreign key constraint fails (`nighthawk_interteh`.`portofolio`, CONSTRAINT `FKmvb7yl3wde7h9eubgq0axgove` FOREIGN KEY (`ID_Account`) REFERENCES `account` (`ID_Account`)) 
2023-40-10 20:40 - [31m[ERROR][m org.hibernate.engine.jdbc.spi.SqlExceptionHelper#131 - Cannot add or update a child row: a foreign key constraint fails (`nighthawk_interteh`.`account`, CONSTRAINT `FK9clif0snw3g15r5pfxxipvqmr` FOREIGN KEY (`ID_User`) REFERENCES `nwuser` (`ID_User`)) 
2023-40-10 20:40 - [31m[ERROR][m org.hibernate.engine.jdbc.spi.SqlExceptionHelper#131 - Cannot delete or update a parent row: a foreign key constraint fails (`nighthawk_interteh`.`contract_project`, CONSTRAINT `FKkx2rvps9nt86jteul75tj53k7` FOREIGN KEY (`Project_ID`) REFERENCES `project` (`ID_Project`)) 
2023-40-10 20:40 - [31m[ERROR][m org.hibernate.internal.ExceptionMapperStandardImpl#39 - HHH000346: Error during managed flush [org.hibernate.exception.ConstraintViolationException: could not execute statement] 
2023-40-10 20:40 - [31m[ERROR][m org.hibernate.engine.jdbc.spi.SqlExceptionHelper#131 - Duplicate entry '83' for key 'UK_mlsmxro9u0s4l4y4hpr7s5o3v' 
2023-40-10 20:40 - [31m[ERROR][m org.hibernate.engine.jdbc.spi.SqlExceptionHelper#131 - Duplicate entry '83' for key 'UK_mlsmxro9u0s4l4y4hpr7s5o3v' 
2023-40-10 20:40 - [31m[ERROR][m org.hibernate.engine.jdbc.spi.SqlExceptionHelper#131 - Duplicate entry 'admin6' for key 'User_Role_Name_UNIQUE' 
2023-40-10 20:40 - [31m[ERROR][m org.hibernate.engine.jdbc.spi.SqlExceptionHelper#131 - Duplicate entry 'admin6' for key 'User_Role_Name_UNIQUE' 
2023-40-10 20:40 - [31m[ERROR][m org.hibernate.engine.jdbc.spi.SqlExceptionHelper#131 - Duplicate entry 'admin6' for key 'User_Role_Name_UNIQUE' 
2023-40-10 20:40 - [31m[ERROR][m org.hibernate.engine.jdbc.spi.SqlExceptionHelper#131 - Duplicate entry '83' for key 'UK_mlsmxro9u0s4l4y4hpr7s5o3v' 
2023-40-10 20:40 - [31m[ERROR][m org.hibernate.engine.jdbc.spi.SqlExceptionHelper#131 - Duplicate entry '83' for key 'UK_mlsmxro9u0s4l4y4hpr7s5o3v' 
2023-40-10 20:40 - [31m[ERROR][m org.hibernate.engine.jdbc.spi.SqlExceptionHelper#131 - Cannot add or update a child row: a foreign key constraint fails (`nighthawk_interteh`.`filedocument`, CONSTRAINT `FK9opp8es7bsrxxd16k9psfbx0g` FOREIGN KEY (`Account_ID`) REFERENCES `account` (`ID_Account`)) 
